===== Fri Feb 27 08:07:30 JST 2026 =====
📡 チャンネル情報を取得中...
  10件のエピソードが見つかりました
  音声URLを取得中...
  ⏭️ [1/10] サポーター限定のためスキップ: 【限定配信189】「銀行と日本」特別編〜外国から日本を救った男からの学び
  ✅ [2/10] 【講義965】銀行と日本①〜戦後日本経済の成長エンジンはコレだった！
  ✅ [3/10] 【講義964】今の日本の事は歴史が全て教えてくれる14〜明治時代の正体
  ✅ [4/10] 【講義963】人生二周目の作り方24〜健康は迷わず「買い」
  ✅ [5/10] 【講義962】いまさら聞けない〜衆院選で注目された「給付付き税額控除」って何？
  ✅ [6/10] 【復習183】一週間学びと10大ニュースをイッキに振り返ります
  ✅ [7/10] 【課外授業362】2026年、これをやる！　最終回
  ⏭️ [8/10] サポーター限定のためスキップ: 【限定講義188】銀行と日本・プロローグ〜なぜ今、銀行を語るのか？
  ✅ [9/10] 【講義961】令和時代の最適情報収集論
  ✅ [10/10] 【講義960】日経新聞記事をやさしく解説〜2026年度の名目GDPは662兆円

🎯 2件のエピソードをダウンロードします

━━━━━━━━━━━━━━━━━━━━━━━━━━━━━━━━━━━━━━━━
  [1/2] 【限定配信189】「銀行と日本」特別編〜外国から日本を救った男からの学び
  配信日: 2026-02-27
━━━━━━━━━━━━━━━━━━━━━━━━━━━━━━━━━━━━━━━━━

  ⏭️ サポーター限定のためスキップ

━━━━━━━━━━━━━━━━━━━━━━━━━━━━━━━━━━━━━━━━
  [2/2] 【限定講義188】銀行と日本・プロローグ〜なぜ今、銀行を語るのか？
  配信日: 2026-02-20
━━━━━━━━━━━━━━━━━━━━━━━━━━━━━━━━━━━━━━━━━

  ⏭️ サポーター限定のためスキップ

🎉 ダウンロード完了！（成功: 0/2件）

📁 音声ファイルは /Users/koyasato/Library/CloudStorage/GoogleDrive-koya.sato.017@gmail.com/マイドライブ/キズキノ學校 に保存されています。
📝 次のステップ:
   1. NotebookLMを開いてソースに音声ファイルをアップロード
   2. または python -m src.main upload でGoogle Driveにアップロード
===== 完了: Fri Feb 27 08:07:50 JST 2026 =====
