===== Tue Feb 24 08:08:32 JST 2026 =====
📡 チャンネル情報を取得中...
  10件のエピソードが見つかりました
  音声URLを取得中...
  ✅ [1/10] 【講義963】人生二周目の作り方24〜健康は迷わず「買い」
  ✅ [2/10] 【講義962】いまさら聞けない〜衆院選で注目された「給付付き税額控除」って何？
  ✅ [3/10] 【復習183】一週間学びと10大ニュースをイッキに振り返ります
  ✅ [4/10] 【課外授業362】2026年、これをやる！　最終回
  ⏭️ [5/10] サポーター限定のためスキップ: 【限定講義188】銀行と日本・プロローグ〜なぜ今、銀行を語るのか？
  ✅ [6/10] 【講義961】令和時代の最適情報収集論
  ✅ [7/10] 【講義960】日経新聞記事をやさしく解説〜2026年度の名目GDPは662兆円
  ✅ [8/10] 【講義959】2026年の「必須教養」最終回〜WBCと情報の壁
  ✅ [9/10] 【講義958】議論の罠を見抜け！高市VS太田「二階建ての罠」の真実
  ✅ [10/10] 【復習182】一週間の学びと出来事をイッキに振り返ります

🎯 2件のエピソードをダウンロードします

━━━━━━━━━━━━━━━━━━━━━━━━━━━━━━━━━━━━━━━━
  [1/2] 【講義963】人生二周目の作り方24〜健康は迷わず「買い」
  配信日: 2026-02-24
━━━━━━━━━━━━━━━━━━━━━━━━━━━━━━━━━━━━━━━━━

  📥 ダウンロード中: 【講義963】人生二周目の作り方24〜健康は迷わず「買い」
  進捗:   0%|                             | 0.00/19.9M [00:00<?, ?B/s]  進捗:   1%|▏                     | 213k/19.9M [00:00<00:23, 845kB/s]  進捗:  13%|██▌                 | 2.56M/19.9M [00:00<00:01, 8.98MB/s]  進捗:  27%|█████▎              | 5.31M/19.9M [00:00<00:00, 15.3MB/s]  進捗:  38%|███████▌            | 7.50M/19.9M [00:00<00:00, 17.4MB/s]  進捗:  57%|███████████▍        | 11.3M/19.9M [00:00<00:00, 24.0MB/s]  進捗:  76%|███████████████▏    | 15.1M/19.9M [00:00<00:00, 28.2MB/s]  進捗:  94%|██████████████████▋ | 18.6M/19.9M [00:00<00:00, 30.4MB/s]  進捗: 100%|████████████████████| 19.9M/19.9M [00:00<00:00, 22.1MB/s]
  ✅ ダウンロード完了: 【講義963】人生二周目の作り方24〜健康は迷わず「買い」.m4a

━━━━━━━━━━━━━━━━━━━━━━━━━━━━━━━━━━━━━━━━
  [2/2] 【限定講義188】銀行と日本・プロローグ〜なぜ今、銀行を語るのか？
  配信日: 2026-02-20
━━━━━━━━━━━━━━━━━━━━━━━━━━━━━━━━━━━━━━━━━

  ⏭️ サポーター限定のためスキップ

🎉 ダウンロード完了！（成功: 1/2件）

📁 音声ファイルは /Users/koyasato/Library/CloudStorage/GoogleDrive-koya.sato.017@gmail.com/マイドライブ/キズキノ學校 に保存されています。
📝 次のステップ:
   1. NotebookLMを開いてソースに音声ファイルをアップロード
   2. または python -m src.main upload でGoogle Driveにアップロード
===== 完了: Tue Feb 24 08:08:55 JST 2026 =====
