===== Fri Mar  6 08:07:44 JST 2026 =====
📡 チャンネル情報を取得中...
  10件のエピソードが見つかりました
  音声URLを取得中...
  ⏭️ [1/10] サポーター限定のためスキップ: 【限定講義190】加速する退職圧力と消える給付金
  ✅ [2/10] 【講義969】トランプ関税がアメリカ国民ですら「幸せ」にしない理由
  ✅ [3/10] 【講義968】揺れるイラン情勢から学ぶ〜世界は騒がしいがやるべき事は変わらない
  ✅ [4/10] 【講義967】人生二周目の作り方25〜「暇」は警告音！
  ✅ [5/10] 【講義966】「相談」には二種類ある〜それぞれの最適処方箋とは？
  ✅ [6/10] 【復習184】一週間の学びと世の中の十大ニュースを振り返ります
  ✅ [7/10] 【課外授業363】「さぁー、みんなで考えよう」新テーマ発表〜今回は映画！
  ⏭️ [8/10] サポーター限定のためスキップ: キズキノ學校 週末ライブ　一週間の学びと十大ニュースを解説します。お気軽に！ま
  ⏭️ [9/10] サポーター限定のためスキップ: 【限定配信189】「銀行と日本」特別編〜外国から日本を救った男からの学び
  ✅ [10/10] 【講義965】銀行と日本①〜戦後日本経済の成長エンジンはコレだった！

🎯 4件のエピソードをダウンロードします

━━━━━━━━━━━━━━━━━━━━━━━━━━━━━━━━━━━━━━━━
  [1/4] 【限定講義190】加速する退職圧力と消える給付金
  配信日: 2026-03-06
━━━━━━━━━━━━━━━━━━━━━━━━━━━━━━━━━━━━━━━━━

  ⏭️ サポーター限定のためスキップ

━━━━━━━━━━━━━━━━━━━━━━━━━━━━━━━━━━━━━━━━
  [2/4] 【講義969】トランプ関税がアメリカ国民ですら「幸せ」にしない理由
  配信日: 2026-03-05
━━━━━━━━━━━━━━━━━━━━━━━━━━━━━━━━━━━━━━━━━

  📥 ダウンロード中: 【講義969】トランプ関税がアメリカ国民ですら「幸せ」にしない理由
  進捗:   0%|                             | 0.00/19.4M [00:00<?, ?B/s]  進捗:  17%|███▍                | 3.38M/19.4M [00:00<00:00, 33.7MB/s]  進捗:  35%|██████▉             | 6.75M/19.4M [00:00<00:00, 27.2MB/s]  進捗:  49%|█████████▊          | 9.55M/19.4M [00:00<00:00, 26.7MB/s]  進捗:  67%|█████████████▎      | 12.9M/19.4M [00:00<00:00, 29.2MB/s]  進捗:  86%|█████████████████▎  | 16.8M/19.4M [00:00<00:00, 32.2MB/s]  進捗: 100%|████████████████████| 19.4M/19.4M [00:00<00:00, 30.6MB/s]
  ✅ ダウンロード完了: 【講義969】トランプ関税がアメリカ国民ですら「幸せ」にしない理由.m4a

━━━━━━━━━━━━━━━━━━━━━━━━━━━━━━━━━━━━━━━━
  [3/4] キズキノ學校 週末ライブ　一週間の学びと十大ニュースを解説します。お気軽に！ま
  配信日: 2026-02-28
━━━━━━━━━━━━━━━━━━━━━━━━━━━━━━━━━━━━━━━━━

  ⏭️ サポーター限定のためスキップ

━━━━━━━━━━━━━━━━━━━━━━━━━━━━━━━━━━━━━━━━
  [4/4] 【限定配信189】「銀行と日本」特別編〜外国から日本を救った男からの学び
  配信日: 2026-02-27
━━━━━━━━━━━━━━━━━━━━━━━━━━━━━━━━━━━━━━━━━

  ⏭️ サポーター限定のためスキップ

🎉 ダウンロード完了！（成功: 1/4件）

📁 音声ファイルは /Users/koyasato/Library/CloudStorage/GoogleDrive-koya.sato.017@gmail.com/マイドライブ/キズキノ學校 に保存されています。
📝 次のステップ:
   1. NotebookLMを開いてソースに音声ファイルをアップロード
   2. または python -m src.main upload でGoogle Driveにアップロード
===== 完了: Fri Mar  6 08:08:02 JST 2026 =====
