===== Wed Mar  4 08:20:35 JST 2026 =====
📡 チャンネル情報を取得中...
  10件のエピソードが見つかりました
  音声URLを取得中...
  ✅ [1/10] 【講義968】揺れるイラン情勢から学ぶ〜世界は騒がしいがやるべき事は変わらない
  ✅ [2/10] 【講義967】人生二周目の作り方25〜「暇」は警告音！
  ✅ [3/10] 【講義966】「相談」には二種類ある〜それぞれの最適処方箋とは？
  ✅ [4/10] 【復習184】一週間の学びと世の中の十大ニュースを振り返ります
  ✅ [5/10] 【課外授業363】「さぁー、みんなで考えよう」新テーマ発表〜今回は映画！
  ⏭️ [6/10] サポーター限定のためスキップ: キズキノ學校 週末ライブ　一週間の学びと十大ニュースを解説します。お気軽に！ま
  ⏭️ [7/10] サポーター限定のためスキップ: 【限定配信189】「銀行と日本」特別編〜外国から日本を救った男からの学び
  ✅ [8/10] 【講義965】銀行と日本①〜戦後日本経済の成長エンジンはコレだった！
  ✅ [9/10] 【講義964】今の日本の事は歴史が全て教えてくれる14〜明治時代の正体
  ✅ [10/10] 【講義963】人生二周目の作り方24〜健康は迷わず「買い」

🎯 3件のエピソードをダウンロードします

━━━━━━━━━━━━━━━━━━━━━━━━━━━━━━━━━━━━━━━━
  [1/3] 【講義968】揺れるイラン情勢から学ぶ〜世界は騒がしいがやるべき事は変わらない
  配信日: 2026-03-04
━━━━━━━━━━━━━━━━━━━━━━━━━━━━━━━━━━━━━━━━━

  📥 ダウンロード中: 【講義968】揺れるイラン情勢から学ぶ〜世界は騒がしいがやるべき事は変わらない
  進捗:   0%|                             | 0.00/18.9M [00:00<?, ?B/s]  進捗:   3%|▌                    | 483k/18.9M [00:00<00:03, 4.76MB/s]  進捗:   7%|█▎                  | 1.25M/18.9M [00:00<00:03, 5.81MB/s]  進捗:  13%|██▋                 | 2.48M/18.9M [00:00<00:02, 7.81MB/s]  進捗:  19%|███▊                | 3.55M/18.9M [00:00<00:02, 7.05MB/s]  進捗:  24%|████▊               | 4.58M/18.9M [00:00<00:02, 6.65MB/s]  進捗:  32%|██████▍             | 6.11M/18.9M [00:00<00:01, 7.39MB/s]  進捗:  44%|████████▊           | 8.27M/18.9M [00:01<00:01, 8.81MB/s]  進捗:  54%|██████████▋         | 10.1M/18.9M [00:01<00:00, 9.29MB/s]  進捗:  64%|████████████▋       | 12.0M/18.9M [00:01<00:00, 10.6MB/s]  進捗:  69%|█████████████▉      | 13.1M/18.9M [00:01<00:00, 9.60MB/s]  進捗:  79%|███████████████▋    | 14.8M/18.9M [00:01<00:00, 9.74MB/s]  進捗:  89%|█████████████████▊  | 16.7M/18.9M [00:01<00:00, 10.1MB/s]  進捗:  98%|███████████████████▌| 18.4M/18.9M [00:02<00:00, 10.3MB/s]  進捗: 100%|████████████████████| 18.9M/18.9M [00:02<00:00, 9.28MB/s]
  ✅ ダウンロード完了: 【講義968】揺れるイラン情勢から学ぶ〜世界は騒がしいがやるべき事は変わらない.m4a

━━━━━━━━━━━━━━━━━━━━━━━━━━━━━━━━━━━━━━━━
  [2/3] キズキノ學校 週末ライブ　一週間の学びと十大ニュースを解説します。お気軽に！ま
  配信日: 2026-02-28
━━━━━━━━━━━━━━━━━━━━━━━━━━━━━━━━━━━━━━━━━

  ⏭️ サポーター限定のためスキップ

━━━━━━━━━━━━━━━━━━━━━━━━━━━━━━━━━━━━━━━━
  [3/3] 【限定配信189】「銀行と日本」特別編〜外国から日本を救った男からの学び
  配信日: 2026-02-27
━━━━━━━━━━━━━━━━━━━━━━━━━━━━━━━━━━━━━━━━━

  ⏭️ サポーター限定のためスキップ

🎉 ダウンロード完了！（成功: 1/3件）

📁 音声ファイルは /Users/koyasato/Library/CloudStorage/GoogleDrive-koya.sato.017@gmail.com/マイドライブ/キズキノ學校 に保存されています。
📝 次のステップ:
   1. NotebookLMを開いてソースに音声ファイルをアップロード
   2. または python -m src.main upload でGoogle Driveにアップロード
===== 完了: Wed Mar  4 08:20:56 JST 2026 =====
