===== Sat Feb 21 08:05:14 JST 2026 =====
📡 チャンネル情報を取得中...
  10件のエピソードが見つかりました
  音声URLを取得中...
  ✅ [1/10] 【課外授業362】2026年、これをやる！　最終回
  ⏭️ [2/10] サポーター限定のためスキップ: 【限定講義188】銀行と日本・プロローグ〜なぜ今、銀行を語るのか？
  ✅ [3/10] 【講義961】令和時代の最適情報収集論
  ✅ [4/10] 【講義960】日経新聞記事をやさしく解説〜2026年度の名目GDPは662兆円
  ✅ [5/10] 【講義959】2026年の「必須教養」最終回〜WBCと情報の壁
  ✅ [6/10] 【講義958】議論の罠を見抜け！高市VS太田「二階建ての罠」の真実
  ✅ [7/10] 【復習182】一週間の学びと出来事をイッキに振り返ります
  ✅ [8/10] 【講義361】2026年、これをやる！⑤
  ⏭️ [9/10] サポーター限定のためスキップ: キズキノ學校 週末ライブ　一緒に一週間の振り返りを！お気軽に
  ⏭️ [10/10] サポーター限定のためスキップ: 【限定講義187】衆院選からの三つのキヅキ

🎯 4件のエピソードをダウンロードします

━━━━━━━━━━━━━━━━━━━━━━━━━━━━━━━━━━━━━━━━
  [1/4] 【課外授業362】2026年、これをやる！　最終回
  配信日: 2026-02-21
━━━━━━━━━━━━━━━━━━━━━━━━━━━━━━━━━━━━━━━━━

  📥 ダウンロード中: 【課外授業362】2026年、これをやる！　最終回
  進捗:   0%|                             | 0.00/19.5M [00:00<?, ?B/s]  進捗:  14%|██▋                 | 2.64M/19.5M [00:00<00:00, 26.0MB/s]  進捗:  27%|█████▍              | 5.24M/19.5M [00:00<00:00, 23.7MB/s]  進捗:  41%|████████            | 7.90M/19.5M [00:00<00:00, 24.8MB/s]  進捗:  56%|███████████▏        | 10.9M/19.5M [00:00<00:00, 26.7MB/s]  進捗:  74%|██████████████▊     | 14.4M/19.5M [00:00<00:00, 29.4MB/s]  進捗:  89%|█████████████████▊  | 17.3M/19.5M [00:00<00:00, 25.3MB/s]  進捗: 100%|████████████████████| 19.5M/19.5M [00:00<00:00, 28.3MB/s]
  ✅ ダウンロード完了: 【課外授業362】2026年、これをやる！　最終回.m4a

━━━━━━━━━━━━━━━━━━━━━━━━━━━━━━━━━━━━━━━━
  [2/4] 【限定講義188】銀行と日本・プロローグ〜なぜ今、銀行を語るのか？
  配信日: 2026-02-20
━━━━━━━━━━━━━━━━━━━━━━━━━━━━━━━━━━━━━━━━━

  ⏭️ サポーター限定のためスキップ

━━━━━━━━━━━━━━━━━━━━━━━━━━━━━━━━━━━━━━━━
  [3/4] キズキノ學校 週末ライブ　一緒に一週間の振り返りを！お気軽に
  配信日: 2026-02-14
━━━━━━━━━━━━━━━━━━━━━━━━━━━━━━━━━━━━━━━━━

  ⏭️ サポーター限定のためスキップ

━━━━━━━━━━━━━━━━━━━━━━━━━━━━━━━━━━━━━━━━
  [4/4] 【限定講義187】衆院選からの三つのキヅキ
  配信日: 2026-02-13
━━━━━━━━━━━━━━━━━━━━━━━━━━━━━━━━━━━━━━━━━

  ⏭️ サポーター限定のためスキップ

🎉 ダウンロード完了！（成功: 1/4件）

📁 音声ファイルは /Users/koyasato/Library/CloudStorage/GoogleDrive-koya.sato.017@gmail.com/マイドライブ/キズキノ學校 に保存されています。
📝 次のステップ:
   1. NotebookLMを開いてソースに音声ファイルをアップロード
   2. または python -m src.main upload でGoogle Driveにアップロード
===== 完了: Sat Feb 21 08:05:43 JST 2026 =====
