===== Tue Mar  3 08:00:04 JST 2026 =====
📡 チャンネル情報を取得中...
  10件のエピソードが見つかりました
  音声URLを取得中...
  ✅ [1/10] 【講義967】人生二周目の作り方25〜「暇」は警告音！
  ✅ [2/10] 【講義966】「相談」には二種類ある〜それぞれの最適処方箋とは？
  ✅ [3/10] 【復習184】一週間の学びと世の中の十大ニュースを振り返ります
  ✅ [4/10] 【課外授業363】「さぁー、みんなで考えよう」新テーマ発表〜今回は映画！
  ⏭️ [5/10] サポーター限定のためスキップ: キズキノ學校 週末ライブ　一週間の学びと十大ニュースを解説します。お気軽に！ま
  ⏭️ [6/10] サポーター限定のためスキップ: 【限定配信189】「銀行と日本」特別編〜外国から日本を救った男からの学び
  ✅ [7/10] 【講義965】銀行と日本①〜戦後日本経済の成長エンジンはコレだった！
  ✅ [8/10] 【講義964】今の日本の事は歴史が全て教えてくれる14〜明治時代の正体
  ✅ [9/10] 【講義963】人生二周目の作り方24〜健康は迷わず「買い」
  ✅ [10/10] 【講義962】いまさら聞けない〜衆院選で注目された「給付付き税額控除」って何？

🎯 3件のエピソードをダウンロードします

━━━━━━━━━━━━━━━━━━━━━━━━━━━━━━━━━━━━━━━━
  [1/3] 【講義967】人生二周目の作り方25〜「暇」は警告音！
  配信日: 2026-03-03
━━━━━━━━━━━━━━━━━━━━━━━━━━━━━━━━━━━━━━━━━

  📥 ダウンロード中: 【講義967】人生二周目の作り方25〜「暇」は警告音！
  進捗:   0%|                             | 0.00/20.3M [00:00<?, ?B/s]  進捗:   7%|█▎                  | 1.38M/20.3M [00:00<00:01, 13.5MB/s]  進捗:  14%|██▊                 | 2.92M/20.3M [00:00<00:01, 14.6MB/s]  進捗:  22%|████▎               | 4.38M/20.3M [00:00<00:01, 10.1MB/s]  進捗:  36%|███████             | 7.22M/20.3M [00:00<00:00, 15.6MB/s]  進捗:  44%|████████▉           | 9.01M/20.3M [00:00<00:00, 15.1MB/s]  進捗:  63%|████████████▌       | 12.8M/20.3M [00:00<00:00, 21.5MB/s]  進捗:  75%|██████████████▉     | 15.1M/20.3M [00:00<00:00, 18.6MB/s]  進捗:  95%|██████████████████▉ | 19.2M/20.3M [00:00<00:00, 24.2MB/s]  進捗: 100%|████████████████████| 20.3M/20.3M [00:01<00:00, 19.8MB/s]
  ✅ ダウンロード完了: 【講義967】人生二周目の作り方25〜「暇」は警告音！.m4a

━━━━━━━━━━━━━━━━━━━━━━━━━━━━━━━━━━━━━━━━
  [2/3] キズキノ學校 週末ライブ　一週間の学びと十大ニュースを解説します。お気軽に！ま
  配信日: 2026-02-28
━━━━━━━━━━━━━━━━━━━━━━━━━━━━━━━━━━━━━━━━━

  ⏭️ サポーター限定のためスキップ

━━━━━━━━━━━━━━━━━━━━━━━━━━━━━━━━━━━━━━━━
  [3/3] 【限定配信189】「銀行と日本」特別編〜外国から日本を救った男からの学び
  配信日: 2026-02-27
━━━━━━━━━━━━━━━━━━━━━━━━━━━━━━━━━━━━━━━━━

  ⏭️ サポーター限定のためスキップ

🎉 ダウンロード完了！（成功: 1/3件）

📁 音声ファイルは /Users/koyasato/Library/CloudStorage/GoogleDrive-koya.sato.017@gmail.com/マイドライブ/キズキノ學校 に保存されています。
📝 次のステップ:
   1. NotebookLMを開いてソースに音声ファイルをアップロード
   2. または python -m src.main upload でGoogle Driveにアップロード
===== 完了: Tue Mar  3 08:00:48 JST 2026 =====
