===== Mon Mar  2 08:05:44 JST 2026 =====
📡 チャンネル情報を取得中...
  10件のエピソードが見つかりました
  音声URLを取得中...
  ✅ [1/10] 【講義966】「相談」には二種類ある〜それぞれの最適処方箋とは？
  ✅ [2/10] 【復習184】一週間の学びと世の中の十大ニュースを振り返ります
  ✅ [3/10] 【課外授業363】「さぁー、みんなで考えよう」新テーマ発表〜今回は映画！
  ⏭️ [4/10] サポーター限定のためスキップ: キズキノ學校 週末ライブ　一週間の学びと十大ニュースを解説します。お気軽に！ま
  ⏭️ [5/10] サポーター限定のためスキップ: 【限定配信189】「銀行と日本」特別編〜外国から日本を救った男からの学び
  ✅ [6/10] 【講義965】銀行と日本①〜戦後日本経済の成長エンジンはコレだった！
  ✅ [7/10] 【講義964】今の日本の事は歴史が全て教えてくれる14〜明治時代の正体
  ✅ [8/10] 【講義963】人生二周目の作り方24〜健康は迷わず「買い」
  ✅ [9/10] 【講義962】いまさら聞けない〜衆院選で注目された「給付付き税額控除」って何？
  ✅ [10/10] 【復習183】一週間学びと10大ニュースをイッキに振り返ります

🎯 3件のエピソードをダウンロードします

━━━━━━━━━━━━━━━━━━━━━━━━━━━━━━━━━━━━━━━━
  [1/3] 【講義966】「相談」には二種類ある〜それぞれの最適処方箋とは？
  配信日: 2026-03-02
━━━━━━━━━━━━━━━━━━━━━━━━━━━━━━━━━━━━━━━━━

  📥 ダウンロード中: 【講義966】「相談」には二種類ある〜それぞれの最適処方箋とは？
  進捗:   0%|                             | 0.00/20.5M [00:00<?, ?B/s]  進捗:   9%|█▊                  | 1.90M/20.5M [00:00<00:00, 18.9MB/s]  進捗:  19%|███▋                | 3.79M/20.5M [00:00<00:01, 14.3MB/s]  進捗:  28%|█████▋              | 5.77M/20.5M [00:00<00:00, 16.4MB/s]  進捗:  37%|███████▎            | 7.48M/20.5M [00:00<00:01, 12.0MB/s]  進捗:  43%|████████▋           | 8.85M/20.5M [00:00<00:01, 11.0MB/s]  進捗:  49%|█████████▊          | 10.0M/20.5M [00:00<00:00, 11.0MB/s]  進捗:  55%|██████████▉         | 11.2M/20.5M [00:00<00:00, 11.1MB/s]  進捗:  67%|█████████████▍      | 13.8M/20.5M [00:01<00:01, 5.52MB/s]  進捗:  72%|██████████████▎     | 14.7M/20.5M [00:02<00:01, 3.30MB/s]  進捗:  75%|██████████████▉     | 15.3M/20.5M [00:02<00:01, 3.54MB/s]  進捗:  79%|███████████████▋    | 16.1M/20.5M [00:02<00:01, 3.76MB/s]  進捗:  83%|████████████████▋   | 17.1M/20.5M [00:02<00:00, 4.10MB/s]  進捗:  87%|█████████████████▎  | 17.7M/20.5M [00:03<00:00, 4.18MB/s]  進捗:  93%|██████████████████▋ | 19.1M/20.5M [00:03<00:00, 4.93MB/s]  進捗: 100%|████████████████████| 20.5M/20.5M [00:03<00:00, 6.33MB/s]
  ✅ ダウンロード完了: 【講義966】「相談」には二種類ある〜それぞれの最適処方箋とは？.m4a

━━━━━━━━━━━━━━━━━━━━━━━━━━━━━━━━━━━━━━━━
  [2/3] キズキノ學校 週末ライブ　一週間の学びと十大ニュースを解説します。お気軽に！ま
  配信日: 2026-02-28
━━━━━━━━━━━━━━━━━━━━━━━━━━━━━━━━━━━━━━━━━

  ⏭️ サポーター限定のためスキップ

━━━━━━━━━━━━━━━━━━━━━━━━━━━━━━━━━━━━━━━━
  [3/3] 【限定配信189】「銀行と日本」特別編〜外国から日本を救った男からの学び
  配信日: 2026-02-27
━━━━━━━━━━━━━━━━━━━━━━━━━━━━━━━━━━━━━━━━━

  ⏭️ サポーター限定のためスキップ

🎉 ダウンロード完了！（成功: 1/3件）

📁 音声ファイルは /Users/koyasato/Library/CloudStorage/GoogleDrive-koya.sato.017@gmail.com/マイドライブ/キズキノ學校 に保存されています。
📝 次のステップ:
   1. NotebookLMを開いてソースに音声ファイルをアップロード
   2. または python -m src.main upload でGoogle Driveにアップロード
===== 完了: Mon Mar  2 08:06:07 JST 2026 =====
