===== Thu Mar  5 08:13:01 JST 2026 =====
📡 チャンネル情報を取得中...
  10件のエピソードが見つかりました
  音声URLを取得中...
  ✅ [1/10] 【講義969】トランプ関税がアメリカ国民ですら「幸せ」にしない理由
  ✅ [2/10] 【講義968】揺れるイラン情勢から学ぶ〜世界は騒がしいがやるべき事は変わらない
  ✅ [3/10] 【講義967】人生二周目の作り方25〜「暇」は警告音！
  ✅ [4/10] 【講義966】「相談」には二種類ある〜それぞれの最適処方箋とは？
  ✅ [5/10] 【復習184】一週間の学びと世の中の十大ニュースを振り返ります
  ✅ [6/10] 【課外授業363】「さぁー、みんなで考えよう」新テーマ発表〜今回は映画！
  ⏭️ [7/10] サポーター限定のためスキップ: キズキノ學校 週末ライブ　一週間の学びと十大ニュースを解説します。お気軽に！ま
  ⏭️ [8/10] サポーター限定のためスキップ: 【限定配信189】「銀行と日本」特別編〜外国から日本を救った男からの学び
  ✅ [9/10] 【講義965】銀行と日本①〜戦後日本経済の成長エンジンはコレだった！
  ✅ [10/10] 【講義964】今の日本の事は歴史が全て教えてくれる14〜明治時代の正体

🎯 3件のエピソードをダウンロードします

━━━━━━━━━━━━━━━━━━━━━━━━━━━━━━━━━━━━━━━━
  [1/3] 【講義969】トランプ関税がアメリカ国民ですら「幸せ」にしない理由
  配信日: 2026-03-05
━━━━━━━━━━━━━━━━━━━━━━━━━━━━━━━━━━━━━━━━━

  📥 ダウンロード中: 【講義969】トランプ関税がアメリカ国民ですら「幸せ」にしない理由
  進捗:   0%|                             | 0.00/19.4M [00:00<?, ?B/s]  進捗:   6%|█▏                  | 1.16M/19.4M [00:00<00:01, 11.3MB/s]  進捗:  13%|██▌                 | 2.48M/19.4M [00:00<00:01, 12.4MB/s]  進捗:  25%|████▉               | 4.81M/19.4M [00:00<00:00, 16.5MB/s]  進捗:  33%|██████▋             | 6.44M/19.4M [00:00<00:00, 14.5MB/s]  進捗:  41%|████████▎           | 8.05M/19.4M [00:00<00:00, 15.0MB/s]  進捗:  49%|█████████▊          | 9.58M/19.4M [00:00<00:00, 12.5MB/s]  進捗:  56%|███████████▏        | 10.9M/19.4M [00:00<00:00, 11.8MB/s]  進捗:  62%|████████████▍       | 12.1M/19.4M [00:00<00:00, 11.5MB/s]  進捗:  68%|█████████████▋      | 13.3M/19.4M [00:01<00:00, 9.78MB/s]  進捗:  74%|██████████████▋     | 14.3M/19.4M [00:01<00:00, 9.38MB/s]  進捗:  79%|███████████████▋    | 15.3M/19.4M [00:01<00:00, 9.07MB/s]  進捗:  80%|███████████████▉    | 15.5M/19.4M [14:52<00:00, 9.07MB/s]  進捗:  80%|███████████████▉    | 15.5M/19.4M [15:43<04:00, 16.4kB/s]
  ❌ エラー: HTTPSConnectionPool(host='cdncf.stand.fm', port=443): Read timed out.

━━━━━━━━━━━━━━━━━━━━━━━━━━━━━━━━━━━━━━━━
  [2/3] キズキノ學校 週末ライブ　一週間の学びと十大ニュースを解説します。お気軽に！ま
  配信日: 2026-02-28
━━━━━━━━━━━━━━━━━━━━━━━━━━━━━━━━━━━━━━━━━

  ⏭️ サポーター限定のためスキップ

━━━━━━━━━━━━━━━━━━━━━━━━━━━━━━━━━━━━━━━━
  [3/3] 【限定配信189】「銀行と日本」特別編〜外国から日本を救った男からの学び
  配信日: 2026-02-27
━━━━━━━━━━━━━━━━━━━━━━━━━━━━━━━━━━━━━━━━━

  ⏭️ サポーター限定のためスキップ

🎉 ダウンロード完了！（成功: 0/3件）

📁 音声ファイルは /Users/koyasato/Library/CloudStorage/GoogleDrive-koya.sato.017@gmail.com/マイドライブ/キズキノ學校 に保存されています。
📝 次のステップ:
   1. NotebookLMを開いてソースに音声ファイルをアップロード
   2. または python -m src.main upload でGoogle Driveにアップロード
===== 完了: Thu Mar  5 08:44:15 JST 2026 =====
