===== Sat Mar  7 08:15:00 JST 2026 =====
📡 チャンネル情報を取得中...
  10件のエピソードが見つかりました
  音声URLを取得中...
  ✅ [1/10] 【課外授業】思い出は映画と共に⭐︎第一回　〜映画の思い出、お待ちしてます
  ⏭️ [2/10] サポーター限定のためスキップ: 【限定講義190】加速する退職圧力と消える給付金
  ✅ [3/10] 【講義969】トランプ関税がアメリカ国民ですら「幸せ」にしない理由
  ✅ [4/10] 【講義968】揺れるイラン情勢から学ぶ〜世界は騒がしいがやるべき事は変わらない
  ✅ [5/10] 【講義967】人生二周目の作り方25〜「暇」は警告音！
  ✅ [6/10] 【講義966】「相談」には二種類ある〜それぞれの最適処方箋とは？
  ✅ [7/10] 【復習184】一週間の学びと世の中の十大ニュースを振り返ります
  ✅ [8/10] 【課外授業363】「さぁー、みんなで考えよう」新テーマ発表〜今回は映画！
  ⏭️ [9/10] サポーター限定のためスキップ: キズキノ學校 週末ライブ　一週間の学びと十大ニュースを解説します。お気軽に！ま
  ⏭️ [10/10] サポーター限定のためスキップ: 【限定配信189】「銀行と日本」特別編〜外国から日本を救った男からの学び

🎯 4件のエピソードをダウンロードします

━━━━━━━━━━━━━━━━━━━━━━━━━━━━━━━━━━━━━━━━
  [1/4] 【課外授業】思い出は映画と共に⭐︎第一回　〜映画の思い出、お待ちしてます
  配信日: 2026-03-07
━━━━━━━━━━━━━━━━━━━━━━━━━━━━━━━━━━━━━━━━━

  📥 ダウンロード中: 【課外授業】思い出は映画と共に⭐︎第一回　〜映画の思い出、お待ちしてます
  進捗:   0%|                             | 0.00/19.5M [00:00<?, ?B/s]  進捗:  21%|████▎               | 4.16M/19.5M [00:00<00:00, 41.6MB/s]  進捗:  43%|████████▌           | 8.40M/19.5M [00:00<00:00, 41.7MB/s]  進捗:  64%|████████████▉       | 12.6M/19.5M [00:00<00:00, 39.5MB/s]  進捗:  85%|████████████████▉   | 16.5M/19.5M [00:00<00:00, 38.9MB/s]  進捗: 100%|████████████████████| 19.5M/19.5M [00:00<00:00, 39.3MB/s]
  ✅ ダウンロード完了: 【課外授業】思い出は映画と共に⭐︎第一回　〜映画の思い出、お待ちしてます.m4a

━━━━━━━━━━━━━━━━━━━━━━━━━━━━━━━━━━━━━━━━
  [2/4] 【限定講義190】加速する退職圧力と消える給付金
  配信日: 2026-03-06
━━━━━━━━━━━━━━━━━━━━━━━━━━━━━━━━━━━━━━━━━

  ⏭️ サポーター限定のためスキップ

━━━━━━━━━━━━━━━━━━━━━━━━━━━━━━━━━━━━━━━━
  [3/4] キズキノ學校 週末ライブ　一週間の学びと十大ニュースを解説します。お気軽に！ま
  配信日: 2026-02-28
━━━━━━━━━━━━━━━━━━━━━━━━━━━━━━━━━━━━━━━━━

  ⏭️ サポーター限定のためスキップ

━━━━━━━━━━━━━━━━━━━━━━━━━━━━━━━━━━━━━━━━
  [4/4] 【限定配信189】「銀行と日本」特別編〜外国から日本を救った男からの学び
  配信日: 2026-02-27
━━━━━━━━━━━━━━━━━━━━━━━━━━━━━━━━━━━━━━━━━

  ⏭️ サポーター限定のためスキップ

🎉 ダウンロード完了！（成功: 1/4件）

📁 音声ファイルは /Users/koyasato/Library/CloudStorage/GoogleDrive-koya.sato.017@gmail.com/マイドライブ/キズキノ學校 に保存されています。
📝 次のステップ:
   1. NotebookLMを開いてソースに音声ファイルをアップロード
   2. または python -m src.main upload でGoogle Driveにアップロード
===== 完了: Sat Mar  7 08:15:18 JST 2026 =====
